18:25:43 **** Incremental Build of configuration Debug for project assignment2_mx ****
make -j16 all 
arm-none-eabi-gcc "../Core/tasks/src/lps_task.c" -mcpu=cortex-m4 -std=gnu11 -g3 -DDEBUG -DUSE_HAL_DRIVER -DSTM32L475xx -c -I../Core/Inc -I../Drivers/BSP/B-L475E-IOT01 -I../Core/tasks/inc -I../Drivers/STM32L4xx_HAL_Driver/Inc -I../Drivers/STM32L4xx_HAL_Driver/Inc/Legacy -I../Drivers/CMSIS/Device/ST/STM32L4xx/Include -I../Drivers/CMSIS/Include -I../Middlewares/Third_Party/FreeRTOS/Source/include -I../Middlewares/Third_Party/FreeRTOS/Source/CMSIS_RTOS -I../Middlewares/Third_Party/FreeRTOS/Source/portable/GCC/ARM_CM4F -O0 -ffunction-sections -fdata-sections -Wall -fstack-usage -MMD -MP -MF"Core/tasks/src/lps_task.d" -MT"Core/tasks/src/lps_task.o" --specs=nano.specs -mfpu=fpv4-sp-d16 -mfloat-abi=hard -mthumb -o "Core/tasks/src/lps_task.o"
arm-none-eabi-gcc "../Core/tasks/src/lsm_task.c" -mcpu=cortex-m4 -std=gnu11 -g3 -DDEBUG -DUSE_HAL_DRIVER -DSTM32L475xx -c -I../Core/Inc -I../Drivers/BSP/B-L475E-IOT01 -I../Core/tasks/inc -I../Drivers/STM32L4xx_HAL_Driver/Inc -I../Drivers/STM32L4xx_HAL_Driver/Inc/Legacy -I../Drivers/CMSIS/Device/ST/STM32L4xx/Include -I../Drivers/CMSIS/Include -I../Middlewares/Third_Party/FreeRTOS/Source/include -I../Middlewares/Third_Party/FreeRTOS/Source/CMSIS_RTOS -I../Middlewares/Third_Party/FreeRTOS/Source/portable/GCC/ARM_CM4F -O0 -ffunction-sections -fdata-sections -Wall -fstack-usage -MMD -MP -MF"Core/tasks/src/lsm_task.d" -MT"Core/tasks/src/lsm_task.o" --specs=nano.specs -mfpu=fpv4-sp-d16 -mfloat-abi=hard -mthumb -o "Core/tasks/src/lsm_task.o"
../Core/tasks/src/lsm_task.c: In function 'lsm_task':
../Core/tasks/src/lsm_task.c:35:8: warning: variable 'accel_data' set but not used [-Wunused-but-set-variable]
   35 |  float accel_data[3] = {0.5, 0.5, 0.5};   // array to store the x, y and z readings.
      |        ^~~~~~~~~~
../Core/tasks/src/lsm_task.c:33:6: warning: unused variable 'tx_len' [-Wunused-variable]
   33 |  int tx_len;
      |      ^~~~~~
../Core/tasks/src/lsm_task.c:32:7: warning: unused variable 'tx_buffer' [-Wunused-variable]
   32 |  char tx_buffer[256];
      |       ^~~~~~~~~
arm-none-eabi-g++ -o "assignment2_mx.elf" @"objects.list"   -mcpu=cortex-m4 -T"D:\Github\EE2028_stuff\assignment2_mx\STM32L475VGTX_FLASH.ld" --specs=nosys.specs -Wl,-Map="assignment2_mx.map" -Wl,--gc-sections -static --specs=nano.specs -mfpu=fpv4-sp-d16 -mfloat-abi=hard -mthumb -u _printf_float -u _scanf_float -Wl,--start-group -lc -lm -lstdc++ -lsupc++ -Wl,--end-group
Finished building target: assignment2_mx.elf
 
arm-none-eabi-size   assignment2_mx.elf 
arm-none-eabi-objdump -h -S  assignment2_mx.elf  > "assignment2_mx.list"
   text	   data	    bss	    dec	    hex	filename
  64672	    596	  50148	 115416	  1c2d8	assignment2_mx.elf
Finished building: default.size.stdout
 
Finished building: assignment2_mx.list
 
